[20:39:14] [Client thread/INFO]: Setting user: Player282
[20:39:18] [Client thread/WARN]: Skipping bad option: lastServer:
[20:39:18] [Client thread/INFO]: LWJGL Version: 2.9.4
[20:39:19] [Client thread/INFO]: [STDOUT]: ---- Minecraft Crash Report ----
// Don't be sad, have a hug! <3

Time: 3/12/17 8:39 PM
Description: Loading screen debug info

This is just a prompt for computer specs to be printed. THIS IS NOT A ERROR


A detailed walkthrough of the error, its code path and all known details is as follows:
---------------------------------------------------------------------------------------

-- System Details --
Details:
	Minecraft Version: 1.11.2
	Operating System: Windows 7 (amd64) version 6.1
	Java Version: 1.8.0_121, Oracle Corporation
	Java VM Version: Java HotSpot(TM) 64-Bit Server VM (mixed mode), Oracle Corporation
	Memory: 865524176 bytes (825 MB) / 1038876672 bytes (990 MB) up to 1038876672 bytes (990 MB)
	JVM Flags: 3 total; -Xincgc -Xmx1024M -Xms1024M
	IntCache: cache: 0, tcache: 0, allocated: 0, tallocated: 0
	FML: 
	Loaded coremods (and transformers): 
	GL info: ' Vendor: 'Intel' Version: '4.4.0 - Build 21.20.16.4565' Renderer: 'Intel(R) HD Graphics 530'
[20:39:21] [Client thread/INFO]: Reloading ResourceManager: Default, FMLFileResourcePack:Forge Mod Loader, FMLFileResourcePack:Minecraft Forge, FMLFileResourcePack:Ninjacraft , FMLFileResourcePack:Example Mod, FMLFileResourcePack:Instant Structures Mod (ISM), FMLFileResourcePack:Just Enough Items
[20:39:24] [Client thread/INFO]: [STDERR]: java.lang.NullPointerException
	at javax.swing.ImageIcon.<init>(ImageIcon.java:217)
	at d.m.<init>(SourceFile:118)
	at de.maggicraft.ism.ISMMain.a(SourceFile:237)
	at sun.reflect.NativeMethodAccessorImpl.invoke0(Native Method)
	at sun.reflect.NativeMethodAccessorImpl.invoke(NativeMethodAccessorImpl.java:62)
	at sun.reflect.DelegatingMethodAccessorImpl.invoke(DelegatingMethodAccessorImpl.java:43)
	at java.lang.reflect.Method.invoke(Method.java:498)
	at net.minecraftforge.fml.common.FMLModContainer.handleModStateEvent(FMLModContainer.java:643)
	at sun.reflect.NativeMethodAccessorImpl.invoke0(Native Method)
	at sun.reflect.NativeMethodAccessorImpl.invoke(NativeMethodAccessorImpl.java:62)
	at sun.reflect.DelegatingMethodAccessorImpl.invoke(DelegatingMethodAccessorImpl.java:43)
	at java.lang.reflect.Method.invoke(Method.java:498)
	at com.google.common.eventbus.EventSubscriber.handleEvent(EventSubscriber.java:74)
	at com.google.common.eventbus.SynchronizedEventSubscriber.handleEvent(SynchronizedEventSubscriber.java:47)
	at com.google.common.eventbus.EventBus.dispatch(EventBus.java:322)
	at com.google.common.eventbus.EventBus.dispatchQueuedEvents(EventBus.java:304)
	at com.google.common.eventbus.EventBus.post(EventBus.java:275)
	at net.minecraftforge.fml.common.LoadController.sendEventToModContainer(LoadController.java:246)
	at net.minecraftforge.fml.common.LoadController.propogateStateMessage(LoadController.java:224)
	at sun.reflect.NativeMethodAccessorImpl.invoke0(Native Method)
	at sun.reflect.NativeMethodAccessorImpl.invoke(NativeMethodAccessorImpl.java:62)
	at sun.reflect.DelegatingMethodAccessorImpl.invoke(DelegatingMethodAccessorImpl.java:43)
	at java.lang.reflect.Method.invoke(Method.java:498)
	at com.google.common.eventbus.EventSubscriber.handleEvent(EventSubscriber.java:74)
	at com.google.common.eventbus.SynchronizedEventSubscriber.handleEvent(SynchronizedEventSubscriber.java:47)
	at com.google.common.eventbus.EventBus.dispatch(EventBus.java:322)
	at com.google.common.eventbus.EventBus.dispatchQueuedEvents(EventBus.java:304)
	at com.google.common.eventbus.EventBus.post(EventBus.java:275)
	at net.minecraftforge.fml.common.LoadController.distributeStateMessage(LoadController.java:147)
	at net.minecraftforge.fml.common.Loader.preinitializeMods(Loader.java:628)
	at net.minecraftforge.fml.client.FMLClientHandler.beginMinecraftLoading(FMLClientHandler.java:268)
	at net.minecraft.client.Minecraft.init(Minecraft.java:478)
	at net.minecraft.client.Minecraft.run(Minecraft.java:387)
	at net.minecraft.client.main.Main.main(Main.java:118)
	at sun.reflect.NativeMethodAccessorImpl.invoke0(Native Method)
	at sun.reflect.NativeMethodAccessorImpl.invoke(NativeMethodAccessorImpl.java:62)
	at sun.reflect.DelegatingMethodAccessorImpl.invoke(DelegatingMethodAccessorImpl.java:43)
	at java.lang.reflect.Method.invoke(Method.java:498)
	at net.minecraft.launchwrapper.Launch.launch(Launch.java:135)
	at net.minecraft.launchwrapper.Launch.main(Launch.java:28)
	at sun.reflect.NativeMethodAccessorImpl.invoke0(Native Method)
	at sun.reflect.NativeMethodAccessorImpl.invoke(NativeMethodAccessorImpl.java:62)
	at sun.reflect.DelegatingMethodAccessorImpl.invoke(DelegatingMethodAccessorImpl.java:43)
	at java.lang.reflect.Method.invoke(Method.java:498)
	at net.minecraftforge.gradle.GradleStartCommon.launch(GradleStartCommon.java:97)
	at GradleStart.main(GradleStart.java:26)


[20:39:48] [Sound Library Loader/INFO]: Starting up SoundSystem...
[20:39:48] [Thread-12/INFO]: Initializing LWJGL OpenAL
[20:39:48] [Thread-12/INFO]: (The LWJGL binding of OpenAL.  For more information, see http://www.lwjgl.org)
[20:39:48] [Thread-12/INFO]: OpenAL initialized.
[20:39:49] [Sound Library Loader/INFO]: Sound engine started
[20:39:51] [Client thread/INFO]: Created: 16x16 textures-atlas
[20:39:52] [Client thread/INFO]: [STDOUT]: DIRT BLOCK >> tile.dirt
[20:39:53] [Client thread/INFO]: Reloading ResourceManager: Default, FMLFileResourcePack:Forge Mod Loader, FMLFileResourcePack:Minecraft Forge, FMLFileResourcePack:Ninjacraft , FMLFileResourcePack:Example Mod, FMLFileResourcePack:Instant Structures Mod (ISM), FMLFileResourcePack:Just Enough Items
[20:39:54] [Client thread/INFO]: SoundSystem shutting down...
[20:39:55] [Client thread/WARN]: Author: Paul Lamb, www.paulscode.com
[20:39:55] [Sound Library Loader/INFO]: Starting up SoundSystem...
[20:39:55] [Thread-14/INFO]: Initializing LWJGL OpenAL
[20:39:55] [Thread-14/INFO]: (The LWJGL binding of OpenAL.  For more information, see http://www.lwjgl.org)
[20:39:55] [Thread-14/INFO]: OpenAL initialized.
[20:39:55] [Sound Library Loader/INFO]: Sound engine started
[20:39:58] [Client thread/INFO]: Created: 512x512 textures-atlas
[20:39:59] [Client thread/WARN]: Skipping bad option: lastServer:
[20:40:00] [Realms Notification Availability checker #1/INFO]: Could not authorize you against Realms server: Invalid session id
[20:40:00] [Client thread/INFO]: Stopping!
[20:40:00] [Client thread/INFO]: SoundSystem shutting down...
[20:40:00] [Client thread/WARN]: Author: Paul Lamb, www.paulscode.com
